<?xml version="1.0" encoding="UTF-8" ?>
<testsuite tests="10" failures="0" name="com.fasterxml.jackson.core.json.TestParserNonStandard" time="0.027" errors="1" skipped="0">
  <properties>
[...]
</properties>
  <testcase classname="com.fasterxml.jackson.core.json.TestParserNonStandard" name="testSingleQuotesDefault" time="0.001"/>
  <testcase classname="com.fasterxml.jackson.core.json.TestParserNonStandard" name="testSingleQuotesEnabled" time="0.002"/>
  <testcase classname="com.fasterxml.jackson.core.json.TestParserNonStandard" name="testNonStandardNameChars" time="0.003"/>
  <testcase classname="com.fasterxml.jackson.core.json.TestParserNonStandard" name="testLeadingZeroesUTF8" time="0.002"/>
  <testcase classname="com.fasterxml.jackson.core.json.TestParserNonStandard" name="testLeadingZeroesReader" time="0.001"/>
  <testcase classname="com.fasterxml.jackson.core.json.TestParserNonStandard" name="testNonStandardAnyCharQuoting" time="0"/>
  <testcase classname="com.fasterxml.jackson.core.json.TestParserNonStandard" name="testAllowNaN" time="0.001"/>
  <testcase classname="com.fasterxml.jackson.core.json.TestParserNonStandard" name="testAllowInfinity" time="0.01">
    <error message="Unexpected character (&apos;I&apos; (code 73)): expected a valid value (number, String, array, object, &apos;true&apos;, &apos;false&apos; or &apos;null&apos;)
 at [Source: java.io.StringReader@148080bb; line: 1, column: 27]" type="com.fasterxml.jackson.core.JsonParseException">com.fasterxml.jackson.core.JsonParseException: Unexpected character (&apos;I&apos; (code 73)): expected a valid value (number, String, array, object, &apos;true&apos;, &apos;false&apos; or &apos;null&apos;)
 at [Source: java.io.StringReader@148080bb; line: 1, column: 27]
	at com.fasterxml.jackson.core.JsonParser._constructError(JsonParser.java:1369)
	at com.fasterxml.jackson.core.base.ParserMinimalBase._reportError(ParserMinimalBase.java:599)
	at com.fasterxml.jackson.core.base.ParserMinimalBase._reportUnexpectedChar(ParserMinimalBase.java:520)
	at com.fasterxml.jackson.core.json.ReaderBasedJsonParser._handleUnexpectedValue(ReaderBasedJsonParser.java:1379)
	at com.fasterxml.jackson.core.json.ReaderBasedJsonParser.nextToken(ReaderBasedJsonParser.java:669)
	at com.fasterxml.jackson.core.json.TestParserNonStandard._testAllowInf(TestParserNonStandard.java:445)
	at com.fasterxml.jackson.core.json.TestParserNonStandard.testAllowInfinity(TestParserNonStandard.java:69)
	at java.base/jdk.internal.reflect.DirectMethodHandleAccessor.invoke(DirectMethodHandleAccessor.java:103)
	at java.base/java.lang.reflect.Method.invoke(Method.java:580)
	at junit.framework.TestCase.runTest(TestCase.java:168)
	at junit.framework.TestCase.runBare(TestCase.java:134)
	at junit.framework.TestResult$1.protect(TestResult.java:110)
	at junit.framework.TestResult.runProtected(TestResult.java:128)
	at junit.framework.TestResult.run(TestResult.java:113)
	at junit.framework.TestCase.run(TestCase.java:124)
	at junit.framework.TestSuite.runTest(TestSuite.java:243)
	at junit.framework.TestSuite.run(TestSuite.java:238)
	at org.junit.internal.runners.JUnit38ClassRunner.run(JUnit38ClassRunner.java:83)
	at org.apache.maven.surefire.junit4.JUnit4Provider.execute(JUnit4Provider.java:236)
	at org.apache.maven.surefire.junit4.JUnit4Provider.executeTestSet(JUnit4Provider.java:134)
	at org.apache.maven.surefire.junit4.JUnit4Provider.invoke(JUnit4Provider.java:113)
	at java.base/jdk.internal.reflect.DirectMethodHandleAccessor.invoke(DirectMethodHandleAccessor.java:103)
	at java.base/java.lang.reflect.Method.invoke(Method.java:580)
	at org.apache.maven.surefire.util.ReflectionUtils.invokeMethodWithArray(ReflectionUtils.java:189)
	at org.apache.maven.surefire.booter.ProviderFactory$ProviderProxy.invoke(ProviderFactory.java:165)
	at org.apache.maven.surefire.booter.ProviderFactory.invokeProvider(ProviderFactory.java:85)
	at org.apache.maven.surefire.booter.ForkedBooter.runSuitesInProcess(ForkedBooter.java:103)
	at org.apache.maven.surefire.booter.ForkedBooter.main(ForkedBooter.java:74)
</error>
  </testcase>
  <testcase classname="com.fasterxml.jackson.core.json.TestParserNonStandard" name="testSimpleUnquoted" time="0"/>
  <testcase classname="com.fasterxml.jackson.core.json.TestParserNonStandard" name="testLargeUnquoted" time="0.007"/>
</testsuite>